ARM GAS  C:\Users\24105\AppData\Local\Temp\ccbuiWai.s 			page 1


   1              		.cpu cortex-m3
   2              		.arch armv7-m
   3              		.fpu softvfp
   4              		.eabi_attribute 20, 1
   5              		.eabi_attribute 21, 1
   6              		.eabi_attribute 23, 3
   7              		.eabi_attribute 24, 1
   8              		.eabi_attribute 25, 1
   9              		.eabi_attribute 26, 1
  10              		.eabi_attribute 30, 1
  11              		.eabi_attribute 34, 1
  12              		.eabi_attribute 18, 4
  13              		.file	"delay.c"
  14              		.text
  15              	.Ltext0:
  16              		.cfi_sections	.debug_frame
  17              		.file 1 "./SYSTEM/delay/delay.c"
  18              		.section	.text.SysTick_Handler,"ax",%progbits
  19              		.align	1
  20              		.global	SysTick_Handler
  21              		.syntax unified
  22              		.thumb
  23              		.thumb_func
  25              	SysTick_Handler:
  26              	.LFB34:
   1:./SYSTEM/delay/delay.c **** #include "delay.h"
   2:./SYSTEM/delay/delay.c **** #include "sys.h"
   3:./SYSTEM/delay/delay.c **** #include "misc.h"
   4:./SYSTEM/delay/delay.c **** ////////////////////////////////////////////////////////////////////////////////// 	 
   5:./SYSTEM/delay/delay.c **** //如果需要使用OS,则包括下面的头文件即可.
   6:./SYSTEM/delay/delay.c **** #if SYSTEM_SUPPORT_OS
   7:./SYSTEM/delay/delay.c **** #include "FreeRTOS.h"					//FreeRTOS使用		  
   8:./SYSTEM/delay/delay.c **** #include "task.h" 
   9:./SYSTEM/delay/delay.c **** #endif
  10:./SYSTEM/delay/delay.c **** //////////////////////////////////////////////////////////////////////////////////	 
  11:./SYSTEM/delay/delay.c **** //本程序只供学习使用，未经作者许可，不得用于其它任何用途
  12:./SYSTEM/delay/delay.c **** //ALIENTEK STM32开发板
  13:./SYSTEM/delay/delay.c **** //使用SysTick的普通计数模式对延迟进行管理(支持OS)
  14:./SYSTEM/delay/delay.c **** //包括delay_us,delay_ms
  15:./SYSTEM/delay/delay.c **** //正点原子@ALIENTEK
  16:./SYSTEM/delay/delay.c **** //技术论坛:www.openedv.com
  17:./SYSTEM/delay/delay.c **** //创建日期:2016/11/28
  18:./SYSTEM/delay/delay.c **** //版本：V1.8
  19:./SYSTEM/delay/delay.c **** //版权所有，盗版必究。
  20:./SYSTEM/delay/delay.c **** //Copyright(C) 广州市星翼电子科技有限公司 2009-2019
  21:./SYSTEM/delay/delay.c **** //All rights reserved
  22:./SYSTEM/delay/delay.c **** //********************************************************************************
  23:./SYSTEM/delay/delay.c **** //修改说明
  24:./SYSTEM/delay/delay.c **** //////////////////////////////////////////////////////////////////////////////////  
  25:./SYSTEM/delay/delay.c **** 
  26:./SYSTEM/delay/delay.c **** static u8  fac_us=0;							//us延时倍乘数			   
  27:./SYSTEM/delay/delay.c **** static u16 fac_ms=0;							//ms延时倍乘数,在ucos下,代表每个节拍的ms数
  28:./SYSTEM/delay/delay.c ****  
  29:./SYSTEM/delay/delay.c ****  
  30:./SYSTEM/delay/delay.c **** extern void xPortSysTickHandler(void);
  31:./SYSTEM/delay/delay.c **** 
  32:./SYSTEM/delay/delay.c **** //systick中断服务函数,使用ucos时用到
ARM GAS  C:\Users\24105\AppData\Local\Temp\ccbuiWai.s 			page 2


  33:./SYSTEM/delay/delay.c **** void SysTick_Handler(void)
  34:./SYSTEM/delay/delay.c **** {	
  27              		.loc 1 34 1 view -0
  28              		.cfi_startproc
  29              		@ args = 0, pretend = 0, frame = 0
  30              		@ frame_needed = 0, uses_anonymous_args = 0
  31 0000 08B5     		push	{r3, lr}
  32              	.LCFI0:
  33              		.cfi_def_cfa_offset 8
  34              		.cfi_offset 3, -8
  35              		.cfi_offset 14, -4
  35:./SYSTEM/delay/delay.c ****     if(xTaskGetSchedulerState()!=taskSCHEDULER_NOT_STARTED)//系统已经运行
  36              		.loc 1 35 5 view .LVU1
  37              		.loc 1 35 8 is_stmt 0 view .LVU2
  38 0002 FFF7FEFF 		bl	xTaskGetSchedulerState
  39              	.LVL0:
  40              		.loc 1 35 7 view .LVU3
  41 0006 0128     		cmp	r0, #1
  42 0008 00D1     		bne	.L4
  43              	.L1:
  36:./SYSTEM/delay/delay.c ****     {
  37:./SYSTEM/delay/delay.c ****         xPortSysTickHandler();	
  38:./SYSTEM/delay/delay.c ****     }
  39:./SYSTEM/delay/delay.c **** }
  44              		.loc 1 39 1 view .LVU4
  45 000a 08BD     		pop	{r3, pc}
  46              	.L4:
  37:./SYSTEM/delay/delay.c ****     }
  47              		.loc 1 37 9 is_stmt 1 view .LVU5
  48 000c FFF7FEFF 		bl	xPortSysTickHandler
  49              	.LVL1:
  50              		.loc 1 39 1 is_stmt 0 view .LVU6
  51 0010 FBE7     		b	.L1
  52              		.cfi_endproc
  53              	.LFE34:
  55              		.section	.text.delay_init,"ax",%progbits
  56              		.align	1
  57              		.global	delay_init
  58              		.syntax unified
  59              		.thumb
  60              		.thumb_func
  62              	delay_init:
  63              	.LFB35:
  40:./SYSTEM/delay/delay.c **** 			   
  41:./SYSTEM/delay/delay.c **** //初始化延迟函数
  42:./SYSTEM/delay/delay.c **** //SYSTICK的时钟固定为AHB时钟，基础例程里面SYSTICK时钟频率为AHB/8
  43:./SYSTEM/delay/delay.c **** //这里为了兼容FreeRTOS，所以将SYSTICK的时钟频率改为AHB的频率！
  44:./SYSTEM/delay/delay.c **** //SYSCLK:系统时钟频率
  45:./SYSTEM/delay/delay.c **** void delay_init()
  46:./SYSTEM/delay/delay.c **** {
  64              		.loc 1 46 1 is_stmt 1 view -0
  65              		.cfi_startproc
  66              		@ args = 0, pretend = 0, frame = 0
  67              		@ frame_needed = 0, uses_anonymous_args = 0
  68 0000 08B5     		push	{r3, lr}
  69              	.LCFI1:
  70              		.cfi_def_cfa_offset 8
ARM GAS  C:\Users\24105\AppData\Local\Temp\ccbuiWai.s 			page 3


  71              		.cfi_offset 3, -8
  72              		.cfi_offset 14, -4
  47:./SYSTEM/delay/delay.c **** 	u32 reload;
  73              		.loc 1 47 2 view .LVU8
  48:./SYSTEM/delay/delay.c **** 	SysTick_CLKSourceConfig(SysTick_CLKSource_HCLK);//选择外部时钟  HCLK
  74              		.loc 1 48 2 view .LVU9
  75 0002 0420     		movs	r0, #4
  76 0004 FFF7FEFF 		bl	SysTick_CLKSourceConfig
  77              	.LVL2:
  49:./SYSTEM/delay/delay.c **** 	fac_us=SystemCoreClock/1000000;				//不论是否使用OS,fac_us都需要使用
  78              		.loc 1 49 2 view .LVU10
  79              		.loc 1 49 24 is_stmt 0 view .LVU11
  80 0008 0D4B     		ldr	r3, .L7
  81 000a 1B68     		ldr	r3, [r3]
  82 000c 0D4A     		ldr	r2, .L7+4
  83 000e A2FB0323 		umull	r2, r3, r2, r3
  84 0012 9B0C     		lsrs	r3, r3, #18
  85              		.loc 1 49 8 view .LVU12
  86 0014 0C4A     		ldr	r2, .L7+8
  87 0016 1370     		strb	r3, [r2]
  50:./SYSTEM/delay/delay.c **** 	reload=SystemCoreClock/1000000;				//每秒钟的计数次数 单位为M  
  88              		.loc 1 50 2 is_stmt 1 view .LVU13
  89              	.LVL3:
  51:./SYSTEM/delay/delay.c **** 	reload*=1000000/configTICK_RATE_HZ;			//根据configTICK_RATE_HZ设定溢出时间
  90              		.loc 1 51 2 view .LVU14
  91              		.loc 1 51 8 is_stmt 0 view .LVU15
  92 0018 4FF47A72 		mov	r2, #1000
  93 001c 02FB03F3 		mul	r3, r2, r3
  94              	.LVL4:
  52:./SYSTEM/delay/delay.c **** 												//reload为24位寄存器,最大值:16777216,在72M下,约合0.233s左右	
  53:./SYSTEM/delay/delay.c **** 	fac_ms=1000/configTICK_RATE_HZ;				//代表OS可以延时的最少单位	   
  95              		.loc 1 53 2 is_stmt 1 view .LVU16
  96              		.loc 1 53 8 is_stmt 0 view .LVU17
  97 0020 0A4A     		ldr	r2, .L7+12
  98 0022 0121     		movs	r1, #1
  99 0024 1180     		strh	r1, [r2]	@ movhi
  54:./SYSTEM/delay/delay.c **** 
  55:./SYSTEM/delay/delay.c **** 	SysTick->CTRL|=SysTick_CTRL_TICKINT_Msk;   	//开启SYSTICK中断
 100              		.loc 1 55 2 is_stmt 1 view .LVU18
 101              		.loc 1 55 9 is_stmt 0 view .LVU19
 102 0026 4FF0E022 		mov	r2, #-536813568
 103 002a 1169     		ldr	r1, [r2, #16]
 104              		.loc 1 55 15 view .LVU20
 105 002c 41F00201 		orr	r1, r1, #2
 106 0030 1161     		str	r1, [r2, #16]
  56:./SYSTEM/delay/delay.c **** 	SysTick->LOAD=reload; 						//每1/configTICK_RATE_HZ秒中断一次	
 107              		.loc 1 56 2 is_stmt 1 view .LVU21
 108              		.loc 1 56 15 is_stmt 0 view .LVU22
 109 0032 5361     		str	r3, [r2, #20]
  57:./SYSTEM/delay/delay.c **** 	SysTick->CTRL|=SysTick_CTRL_ENABLE_Msk;   	//开启SYSTICK    
 110              		.loc 1 57 2 is_stmt 1 view .LVU23
 111              		.loc 1 57 9 is_stmt 0 view .LVU24
 112 0034 1369     		ldr	r3, [r2, #16]
 113              	.LVL5:
 114              		.loc 1 57 15 view .LVU25
 115 0036 43F00103 		orr	r3, r3, #1
 116 003a 1361     		str	r3, [r2, #16]
ARM GAS  C:\Users\24105\AppData\Local\Temp\ccbuiWai.s 			page 4


 117              	.LVL6:
  58:./SYSTEM/delay/delay.c **** }								    
 118              		.loc 1 58 1 view .LVU26
 119 003c 08BD     		pop	{r3, pc}
 120              	.L8:
 121 003e 00BF     		.align	2
 122              	.L7:
 123 0040 00000000 		.word	SystemCoreClock
 124 0044 83DE1B43 		.word	1125899907
 125 0048 00000000 		.word	fac_us
 126 004c 00000000 		.word	fac_ms
 127              		.cfi_endproc
 128              	.LFE35:
 130              		.section	.text.delay_us,"ax",%progbits
 131              		.align	1
 132              		.global	delay_us
 133              		.syntax unified
 134              		.thumb
 135              		.thumb_func
 137              	delay_us:
 138              	.LVL7:
 139              	.LFB36:
  59:./SYSTEM/delay/delay.c **** 
  60:./SYSTEM/delay/delay.c **** 
  61:./SYSTEM/delay/delay.c **** //延时nus
  62:./SYSTEM/delay/delay.c **** //nus:要延时的us数.	
  63:./SYSTEM/delay/delay.c **** //nus:0~204522252(最大值即2^32/fac_us@fac_us=168)	    								   
  64:./SYSTEM/delay/delay.c **** void delay_us(u32 nus)
  65:./SYSTEM/delay/delay.c **** {		
 140              		.loc 1 65 1 is_stmt 1 view -0
 141              		.cfi_startproc
 142              		@ args = 0, pretend = 0, frame = 0
 143              		@ frame_needed = 0, uses_anonymous_args = 0
 144              		@ link register save eliminated.
 145              		.loc 1 65 1 is_stmt 0 view .LVU28
 146 0000 10B4     		push	{r4}
 147              	.LCFI2:
 148              		.cfi_def_cfa_offset 4
 149              		.cfi_offset 4, -4
  66:./SYSTEM/delay/delay.c **** 	u32 ticks;
 150              		.loc 1 66 2 is_stmt 1 view .LVU29
  67:./SYSTEM/delay/delay.c **** 	u32 told,tnow,tcnt=0;
 151              		.loc 1 67 2 view .LVU30
 152              	.LVL8:
  68:./SYSTEM/delay/delay.c **** 	u32 reload=SysTick->LOAD;				//LOAD的值	    	 
 153              		.loc 1 68 2 view .LVU31
 154              		.loc 1 68 6 is_stmt 0 view .LVU32
 155 0002 4FF0E023 		mov	r3, #-536813568
 156 0006 5C69     		ldr	r4, [r3, #20]
 157              	.LVL9:
  69:./SYSTEM/delay/delay.c **** 	ticks=nus*fac_us; 						//需要的节拍数 
 158              		.loc 1 69 2 is_stmt 1 view .LVU33
 159              		.loc 1 69 11 is_stmt 0 view .LVU34
 160 0008 0C4A     		ldr	r2, .L16
 161 000a 92F800C0 		ldrb	ip, [r2]	@ zero_extendqisi2
 162              		.loc 1 69 7 view .LVU35
 163 000e 00FB0CFC 		mul	ip, r0, ip
ARM GAS  C:\Users\24105\AppData\Local\Temp\ccbuiWai.s 			page 5


 164              	.LVL10:
  70:./SYSTEM/delay/delay.c **** 	told=SysTick->VAL;        				//刚进入时的计数器值
 165              		.loc 1 70 2 is_stmt 1 view .LVU36
 166              		.loc 1 70 6 is_stmt 0 view .LVU37
 167 0012 9B69     		ldr	r3, [r3, #24]
 168              	.LVL11:
  67:./SYSTEM/delay/delay.c **** 	u32 reload=SysTick->LOAD;				//LOAD的值	    	 
 169              		.loc 1 67 16 view .LVU38
 170 0014 0021     		movs	r1, #0
 171 0016 04E0     		b	.L13
 172              	.LVL12:
 173              	.L11:
  71:./SYSTEM/delay/delay.c **** 	while(1)
  72:./SYSTEM/delay/delay.c **** 	{
  73:./SYSTEM/delay/delay.c **** 		tnow=SysTick->VAL;	
  74:./SYSTEM/delay/delay.c **** 		if(tnow!=told)
  75:./SYSTEM/delay/delay.c **** 		{	    
  76:./SYSTEM/delay/delay.c **** 			if(tnow<told)tcnt+=told-tnow;	//这里注意一下SYSTICK是一个递减的计数器就可以了.
  77:./SYSTEM/delay/delay.c **** 			else tcnt+=reload-tnow+told;	    
 174              		.loc 1 77 9 is_stmt 1 view .LVU39
 175              		.loc 1 77 21 is_stmt 0 view .LVU40
 176 0018 E01A     		subs	r0, r4, r3
 177              		.loc 1 77 26 view .LVU41
 178 001a 0244     		add	r2, r2, r0
 179              	.LVL13:
 180              		.loc 1 77 13 view .LVU42
 181 001c 1144     		add	r1, r1, r2
 182              	.LVL14:
 183              	.L12:
  78:./SYSTEM/delay/delay.c **** 			told=tnow;
 184              		.loc 1 78 4 is_stmt 1 view .LVU43
  79:./SYSTEM/delay/delay.c **** 			if(tcnt>=ticks)break;			//时间超过/等于要延迟的时间,则退出.
 185              		.loc 1 79 4 view .LVU44
 186              		.loc 1 79 6 is_stmt 0 view .LVU45
 187 001e 6145     		cmp	r1, ip
 188 0020 09D2     		bcs	.L15
 189              	.LVL15:
 190              	.L13:
  67:./SYSTEM/delay/delay.c **** 	u32 reload=SysTick->LOAD;				//LOAD的值	    	 
 191              		.loc 1 67 16 view .LVU46
 192 0022 1A46     		mov	r2, r3
 193              	.LVL16:
 194              	.L10:
  71:./SYSTEM/delay/delay.c **** 	{
 195              		.loc 1 71 2 is_stmt 1 view .LVU47
  73:./SYSTEM/delay/delay.c **** 		if(tnow!=told)
 196              		.loc 1 73 3 view .LVU48
  73:./SYSTEM/delay/delay.c **** 		if(tnow!=told)
 197              		.loc 1 73 7 is_stmt 0 view .LVU49
 198 0024 4FF0E023 		mov	r3, #-536813568
 199 0028 9B69     		ldr	r3, [r3, #24]
 200              	.LVL17:
  74:./SYSTEM/delay/delay.c **** 		{	    
 201              		.loc 1 74 3 is_stmt 1 view .LVU50
  74:./SYSTEM/delay/delay.c **** 		{	    
 202              		.loc 1 74 5 is_stmt 0 view .LVU51
 203 002a 9A42     		cmp	r2, r3
ARM GAS  C:\Users\24105\AppData\Local\Temp\ccbuiWai.s 			page 6


 204 002c FAD0     		beq	.L10
  76:./SYSTEM/delay/delay.c **** 			else tcnt+=reload-tnow+told;	    
 205              		.loc 1 76 4 is_stmt 1 view .LVU52
  76:./SYSTEM/delay/delay.c **** 			else tcnt+=reload-tnow+told;	    
 206              		.loc 1 76 6 is_stmt 0 view .LVU53
 207 002e F3D9     		bls	.L11
  76:./SYSTEM/delay/delay.c **** 			else tcnt+=reload-tnow+told;	    
 208              		.loc 1 76 17 is_stmt 1 discriminator 1 view .LVU54
  76:./SYSTEM/delay/delay.c **** 			else tcnt+=reload-tnow+told;	    
 209              		.loc 1 76 27 is_stmt 0 discriminator 1 view .LVU55
 210 0030 D21A     		subs	r2, r2, r3
 211              	.LVL18:
  76:./SYSTEM/delay/delay.c **** 			else tcnt+=reload-tnow+told;	    
 212              		.loc 1 76 21 discriminator 1 view .LVU56
 213 0032 1144     		add	r1, r1, r2
 214              	.LVL19:
  76:./SYSTEM/delay/delay.c **** 			else tcnt+=reload-tnow+told;	    
 215              		.loc 1 76 21 discriminator 1 view .LVU57
 216 0034 F3E7     		b	.L12
 217              	.LVL20:
 218              	.L15:
  80:./SYSTEM/delay/delay.c **** 		}  
  81:./SYSTEM/delay/delay.c **** 	};										    
  82:./SYSTEM/delay/delay.c **** }  
 219              		.loc 1 82 1 view .LVU58
 220 0036 10BC     		pop	{r4}
 221              	.LCFI3:
 222              		.cfi_restore 4
 223              		.cfi_def_cfa_offset 0
 224              	.LVL21:
 225              		.loc 1 82 1 view .LVU59
 226 0038 7047     		bx	lr
 227              	.L17:
 228 003a 00BF     		.align	2
 229              	.L16:
 230 003c 00000000 		.word	fac_us
 231              		.cfi_endproc
 232              	.LFE36:
 234              		.section	.text.delay_ms,"ax",%progbits
 235              		.align	1
 236              		.global	delay_ms
 237              		.syntax unified
 238              		.thumb
 239              		.thumb_func
 241              	delay_ms:
 242              	.LVL22:
 243              	.LFB37:
  83:./SYSTEM/delay/delay.c **** //延时nms
  84:./SYSTEM/delay/delay.c **** //nms:要延时的ms数
  85:./SYSTEM/delay/delay.c **** //nms:0~65535
  86:./SYSTEM/delay/delay.c **** void delay_ms(u32 nms)
  87:./SYSTEM/delay/delay.c **** {	
 244              		.loc 1 87 1 is_stmt 1 view -0
 245              		.cfi_startproc
 246              		@ args = 0, pretend = 0, frame = 0
 247              		@ frame_needed = 0, uses_anonymous_args = 0
 248              		.loc 1 87 1 is_stmt 0 view .LVU61
ARM GAS  C:\Users\24105\AppData\Local\Temp\ccbuiWai.s 			page 7


 249 0000 10B5     		push	{r4, lr}
 250              	.LCFI4:
 251              		.cfi_def_cfa_offset 8
 252              		.cfi_offset 4, -8
 253              		.cfi_offset 14, -4
 254 0002 0446     		mov	r4, r0
  88:./SYSTEM/delay/delay.c **** 	if(xTaskGetSchedulerState()!=taskSCHEDULER_NOT_STARTED)//系统已经运行
 255              		.loc 1 88 2 is_stmt 1 view .LVU62
 256              		.loc 1 88 5 is_stmt 0 view .LVU63
 257 0004 FFF7FEFF 		bl	xTaskGetSchedulerState
 258              	.LVL23:
 259              		.loc 1 88 4 view .LVU64
 260 0008 0128     		cmp	r0, #1
 261 000a 09D0     		beq	.L19
  89:./SYSTEM/delay/delay.c **** 	{		
  90:./SYSTEM/delay/delay.c **** 		if(nms>=fac_ms)						//延时的时间大于OS的最少时间周期 
 262              		.loc 1 90 3 is_stmt 1 view .LVU65
 263              		.loc 1 90 9 is_stmt 0 view .LVU66
 264 000c 0A4B     		ldr	r3, .L23
 265 000e 1888     		ldrh	r0, [r3]
 266              		.loc 1 90 5 view .LVU67
 267 0010 A042     		cmp	r0, r4
 268 0012 0CD9     		bls	.L22
 269              	.L20:
  91:./SYSTEM/delay/delay.c **** 		{ 
  92:./SYSTEM/delay/delay.c ****    			vTaskDelay(nms/fac_ms);	 		//FreeRTOS延时
  93:./SYSTEM/delay/delay.c **** 		}
  94:./SYSTEM/delay/delay.c **** 		nms%=fac_ms;						//OS已经无法提供这么小的延时了,采用普通方式延时    
 270              		.loc 1 94 3 is_stmt 1 view .LVU68
 271              		.loc 1 94 6 is_stmt 0 view .LVU69
 272 0014 084B     		ldr	r3, .L23
 273 0016 1B88     		ldrh	r3, [r3]
 274 0018 B4FBF3F2 		udiv	r2, r4, r3
 275 001c 03FB1244 		mls	r4, r3, r2, r4
 276              	.LVL24:
 277              	.L19:
  95:./SYSTEM/delay/delay.c **** 	}
  96:./SYSTEM/delay/delay.c **** 	delay_us((u32)(nms*1000));				//普通方式延时
 278              		.loc 1 96 2 is_stmt 1 view .LVU70
 279 0020 4FF47A70 		mov	r0, #1000
 280 0024 04FB00F0 		mul	r0, r4, r0
 281 0028 FFF7FEFF 		bl	delay_us
 282              	.LVL25:
  97:./SYSTEM/delay/delay.c **** }
 283              		.loc 1 97 1 is_stmt 0 view .LVU71
 284 002c 10BD     		pop	{r4, pc}
 285              	.LVL26:
 286              	.L22:
  92:./SYSTEM/delay/delay.c **** 		}
 287              		.loc 1 92 7 is_stmt 1 view .LVU72
 288 002e B4FBF0F0 		udiv	r0, r4, r0
 289 0032 FFF7FEFF 		bl	vTaskDelay
 290              	.LVL27:
 291 0036 EDE7     		b	.L20
 292              	.L24:
 293              		.align	2
 294              	.L23:
ARM GAS  C:\Users\24105\AppData\Local\Temp\ccbuiWai.s 			page 8


 295 0038 00000000 		.word	fac_ms
 296              		.cfi_endproc
 297              	.LFE37:
 299              		.section	.text.delay_xms,"ax",%progbits
 300              		.align	1
 301              		.global	delay_xms
 302              		.syntax unified
 303              		.thumb
 304              		.thumb_func
 306              	delay_xms:
 307              	.LVL28:
 308              	.LFB38:
  98:./SYSTEM/delay/delay.c **** 
  99:./SYSTEM/delay/delay.c **** //延时nms,不会引起任务调度
 100:./SYSTEM/delay/delay.c **** //nms:要延时的ms数
 101:./SYSTEM/delay/delay.c **** void delay_xms(u32 nms)
 102:./SYSTEM/delay/delay.c **** {
 309              		.loc 1 102 1 view -0
 310              		.cfi_startproc
 311              		@ args = 0, pretend = 0, frame = 0
 312              		@ frame_needed = 0, uses_anonymous_args = 0
 313              		.loc 1 102 1 is_stmt 0 view .LVU74
 314 0000 38B5     		push	{r3, r4, r5, lr}
 315              	.LCFI5:
 316              		.cfi_def_cfa_offset 16
 317              		.cfi_offset 3, -16
 318              		.cfi_offset 4, -12
 319              		.cfi_offset 5, -8
 320              		.cfi_offset 14, -4
 321 0002 0546     		mov	r5, r0
 103:./SYSTEM/delay/delay.c **** 	u32 i;
 322              		.loc 1 103 2 is_stmt 1 view .LVU75
 104:./SYSTEM/delay/delay.c **** 	for(i=0;i<nms;i++) delay_us(1000);
 323              		.loc 1 104 2 view .LVU76
 324              	.LVL29:
 325              		.loc 1 104 7 is_stmt 0 view .LVU77
 326 0004 0024     		movs	r4, #0
 327              		.loc 1 104 2 view .LVU78
 328 0006 04E0     		b	.L26
 329              	.LVL30:
 330              	.L27:
 331              		.loc 1 104 21 is_stmt 1 discriminator 3 view .LVU79
 332 0008 4FF47A70 		mov	r0, #1000
 333 000c FFF7FEFF 		bl	delay_us
 334              	.LVL31:
 335              		.loc 1 104 17 discriminator 3 view .LVU80
 336 0010 0134     		adds	r4, r4, #1
 337              	.LVL32:
 338              	.L26:
 339              		.loc 1 104 11 discriminator 1 view .LVU81
 340 0012 AC42     		cmp	r4, r5
 341 0014 F8D3     		bcc	.L27
 105:./SYSTEM/delay/delay.c **** }
 342              		.loc 1 105 1 is_stmt 0 view .LVU82
 343 0016 38BD     		pop	{r3, r4, r5, pc}
 344              		.loc 1 105 1 view .LVU83
 345              		.cfi_endproc
ARM GAS  C:\Users\24105\AppData\Local\Temp\ccbuiWai.s 			page 9


 346              	.LFE38:
 348              		.section	.bss.fac_ms,"aw",%nobits
 349              		.align	1
 352              	fac_ms:
 353 0000 0000     		.space	2
 354              		.section	.bss.fac_us,"aw",%nobits
 357              	fac_us:
 358 0000 00       		.space	1
 359              		.text
 360              	.Letext0:
 361              		.file 2 "c:\\vscode_tool_chain\\gcc\\12.2 mpacbti-rel1\\arm-none-eabi\\include\\machine\\_default_
 362              		.file 3 "c:\\vscode_tool_chain\\gcc\\12.2 mpacbti-rel1\\arm-none-eabi\\include\\sys\\_stdint.h"
 363              		.file 4 "Libraries/CMSIS/CoreSupport/core_cm3.h"
 364              		.file 5 "User/stm32f10x.h"
 365              		.file 6 "FreeRTOS/portable/GCC/ARM_CM3/portmacro.h"
 366              		.file 7 "FreeRTOS/include/task.h"
 367              		.file 8 "Libraries/STM32F10x_FWLib/inc/misc.h"
 368              		.file 9 "Libraries/CMSIS/DeviceSupport/system_stm32f10x.h"
ARM GAS  C:\Users\24105\AppData\Local\Temp\ccbuiWai.s 			page 10


DEFINED SYMBOLS
                            *ABS*:00000000 delay.c
C:\Users\24105\AppData\Local\Temp\ccbuiWai.s:19     .text.SysTick_Handler:00000000 $t
C:\Users\24105\AppData\Local\Temp\ccbuiWai.s:25     .text.SysTick_Handler:00000000 SysTick_Handler
C:\Users\24105\AppData\Local\Temp\ccbuiWai.s:56     .text.delay_init:00000000 $t
C:\Users\24105\AppData\Local\Temp\ccbuiWai.s:62     .text.delay_init:00000000 delay_init
C:\Users\24105\AppData\Local\Temp\ccbuiWai.s:123    .text.delay_init:00000040 $d
C:\Users\24105\AppData\Local\Temp\ccbuiWai.s:357    .bss.fac_us:00000000 fac_us
C:\Users\24105\AppData\Local\Temp\ccbuiWai.s:352    .bss.fac_ms:00000000 fac_ms
C:\Users\24105\AppData\Local\Temp\ccbuiWai.s:131    .text.delay_us:00000000 $t
C:\Users\24105\AppData\Local\Temp\ccbuiWai.s:137    .text.delay_us:00000000 delay_us
C:\Users\24105\AppData\Local\Temp\ccbuiWai.s:230    .text.delay_us:0000003c $d
C:\Users\24105\AppData\Local\Temp\ccbuiWai.s:235    .text.delay_ms:00000000 $t
C:\Users\24105\AppData\Local\Temp\ccbuiWai.s:241    .text.delay_ms:00000000 delay_ms
C:\Users\24105\AppData\Local\Temp\ccbuiWai.s:295    .text.delay_ms:00000038 $d
C:\Users\24105\AppData\Local\Temp\ccbuiWai.s:300    .text.delay_xms:00000000 $t
C:\Users\24105\AppData\Local\Temp\ccbuiWai.s:306    .text.delay_xms:00000000 delay_xms
C:\Users\24105\AppData\Local\Temp\ccbuiWai.s:349    .bss.fac_ms:00000000 $d
C:\Users\24105\AppData\Local\Temp\ccbuiWai.s:358    .bss.fac_us:00000000 $d

UNDEFINED SYMBOLS
xTaskGetSchedulerState
xPortSysTickHandler
SysTick_CLKSourceConfig
SystemCoreClock
vTaskDelay
